<?xml version="1.0" encoding="UTF-8"?>
<testsuite xmlns:xsi="http://www.w3.org/2001/XMLSchema-instance" xsi:noNamespaceSchemaLocation="https://maven.apache.org/surefire/maven-surefire-plugin/xsd/surefire-test-report.xsd" name="com.hardik.iris.SpringBootQrCodeGeneratorReaderApplicationTests" time="6.62" tests="1" errors="0" skipped="0" failures="0">
  <properties>
    <property name="java.specification.version" value="19"/>
    <property name="sun.cpu.isalist" value="amd64"/>
    <property name="sun.jnu.encoding" value="Cp1252"/>
    <property name="java.class.path" value="C:\Users\Ahmed\Downloads\ms-consul\spring-boot-qr-code-generator-reader-api-main\target\test-classes;C:\Users\Ahmed\Downloads\ms-consul\spring-boot-qr-code-generator-reader-api-main\target\classes;C:\Users\Ahmed\.m2\repository\org\springframework\boot\spring-boot-starter-web\2.5.0\spring-boot-starter-web-2.5.0.jar;C:\Users\Ahmed\.m2\repository\org\springframework\boot\spring-boot-starter\2.5.0\spring-boot-starter-2.5.0.jar;C:\Users\Ahmed\.m2\repository\org\springframework\boot\spring-boot-starter-logging\2.5.0\spring-boot-starter-logging-2.5.0.jar;C:\Users\Ahmed\.m2\repository\ch\qos\logback\logback-classic\1.2.3\logback-classic-1.2.3.jar;C:\Users\Ahmed\.m2\repository\ch\qos\logback\logback-core\1.2.3\logback-core-1.2.3.jar;C:\Users\Ahmed\.m2\repository\org\apache\logging\log4j\log4j-to-slf4j\2.14.1\log4j-to-slf4j-2.14.1.jar;C:\Users\Ahmed\.m2\repository\org\apache\logging\log4j\log4j-api\2.14.1\log4j-api-2.14.1.jar;C:\Users\Ahmed\.m2\repository\org\slf4j\jul-to-slf4j\1.7.30\jul-to-slf4j-1.7.30.jar;C:\Users\Ahmed\.m2\repository\jakarta\annotation\jakarta.annotation-api\1.3.5\jakarta.annotation-api-1.3.5.jar;C:\Users\Ahmed\.m2\repository\org\yaml\snakeyaml\1.28\snakeyaml-1.28.jar;C:\Users\Ahmed\.m2\repository\org\springframework\boot\spring-boot-starter-json\2.5.0\spring-boot-starter-json-2.5.0.jar;C:\Users\Ahmed\.m2\repository\com\fasterxml\jackson\core\jackson-databind\2.12.3\jackson-databind-2.12.3.jar;C:\Users\Ahmed\.m2\repository\com\fasterxml\jackson\core\jackson-annotations\2.12.3\jackson-annotations-2.12.3.jar;C:\Users\Ahmed\.m2\repository\com\fasterxml\jackson\datatype\jackson-datatype-jdk8\2.12.3\jackson-datatype-jdk8-2.12.3.jar;C:\Users\Ahmed\.m2\repository\com\fasterxml\jackson\datatype\jackson-datatype-jsr310\2.12.3\jackson-datatype-jsr310-2.12.3.jar;C:\Users\Ahmed\.m2\repository\com\fasterxml\jackson\module\jackson-module-parameter-names\2.12.3\jackson-module-parameter-names-2.12.3.jar;C:\Users\Ahmed\.m2\repository\org\springframework\boot\spring-boot-starter-tomcat\2.5.0\spring-boot-starter-tomcat-2.5.0.jar;C:\Users\Ahmed\.m2\repository\org\apache\tomcat\embed\tomcat-embed-core\9.0.46\tomcat-embed-core-9.0.46.jar;C:\Users\Ahmed\.m2\repository\org\apache\tomcat\embed\tomcat-embed-websocket\9.0.46\tomcat-embed-websocket-9.0.46.jar;C:\Users\Ahmed\.m2\repository\org\springframework\spring-web\5.3.7\spring-web-5.3.7.jar;C:\Users\Ahmed\.m2\repository\org\springframework\spring-beans\5.3.7\spring-beans-5.3.7.jar;C:\Users\Ahmed\.m2\repository\org\springframework\spring-webmvc\5.3.7\spring-webmvc-5.3.7.jar;C:\Users\Ahmed\.m2\repository\org\springframework\spring-aop\5.3.7\spring-aop-5.3.7.jar;C:\Users\Ahmed\.m2\repository\org\springframework\spring-context\5.3.7\spring-context-5.3.7.jar;C:\Users\Ahmed\.m2\repository\org\springframework\spring-expression\5.3.7\spring-expression-5.3.7.jar;C:\Users\Ahmed\.m2\repository\org\springframework\boot\spring-boot-starter-validation\2.5.0\spring-boot-starter-validation-2.5.0.jar;C:\Users\Ahmed\.m2\repository\org\apache\tomcat\embed\tomcat-embed-el\9.0.46\tomcat-embed-el-9.0.46.jar;C:\Users\Ahmed\.m2\repository\org\hibernate\validator\hibernate-validator\6.2.0.Final\hibernate-validator-6.2.0.Final.jar;C:\Users\Ahmed\.m2\repository\jakarta\validation\jakarta.validation-api\2.0.2\jakarta.validation-api-2.0.2.jar;C:\Users\Ahmed\.m2\repository\org\jboss\logging\jboss-logging\3.4.1.Final\jboss-logging-3.4.1.Final.jar;C:\Users\Ahmed\.m2\repository\com\fasterxml\classmate\1.5.1\classmate-1.5.1.jar;C:\Users\Ahmed\.m2\repository\org\json\json\20210307\json-20210307.jar;C:\Users\Ahmed\.m2\repository\com\google\zxing\core\3.3.2\core-3.3.2.jar;C:\Users\Ahmed\.m2\repository\org\springframework\cloud\spring-cloud-starter-consul-discovery\4.1.0\spring-cloud-starter-consul-discovery-4.1.0.jar;C:\Users\Ahmed\.m2\repository\org\springframework\cloud\spring-cloud-starter-consul\4.1.0\spring-cloud-starter-consul-4.1.0.jar;C:\Users\Ahmed\.m2\repository\org\springframework\cloud\spring-cloud-starter\4.1.0\spring-cloud-starter-4.1.0.jar;C:\Users\Ahmed\.m2\repository\org\springframework\cloud\spring-cloud-context\4.1.0\spring-cloud-context-4.1.0.jar;C:\Users\Ahmed\.m2\repository\org\springframework\security\spring-security-crypto\5.5.0\spring-security-crypto-5.5.0.jar;C:\Users\Ahmed\.m2\repository\org\springframework\cloud\spring-cloud-commons\4.1.0\spring-cloud-commons-4.1.0.jar;C:\Users\Ahmed\.m2\repository\org\springframework\security\spring-security-rsa\1.1.1\spring-security-rsa-1.1.1.jar;C:\Users\Ahmed\.m2\repository\org\bouncycastle\bcprov-jdk18on\1.74\bcprov-jdk18on-1.74.jar;C:\Users\Ahmed\.m2\repository\org\springframework\cloud\spring-cloud-consul-core\4.1.0\spring-cloud-consul-core-4.1.0.jar;C:\Users\Ahmed\.m2\repository\com\ecwid\consul\consul-api\1.4.5\consul-api-1.4.5.jar;C:\Users\Ahmed\.m2\repository\com\google\code\gson\gson\2.8.6\gson-2.8.6.jar;C:\Users\Ahmed\.m2\repository\org\apache\httpcomponents\httpclient\4.5.13\httpclient-4.5.13.jar;C:\Users\Ahmed\.m2\repository\commons-codec\commons-codec\1.15\commons-codec-1.15.jar;C:\Users\Ahmed\.m2\repository\org\apache\httpcomponents\httpcore\4.4.14\httpcore-4.4.14.jar;C:\Users\Ahmed\.m2\repository\org\springframework\cloud\spring-cloud-consul-discovery\4.1.0\spring-cloud-consul-discovery-4.1.0.jar;C:\Users\Ahmed\.m2\repository\org\springframework\cloud\spring-cloud-starter-loadbalancer\4.1.0\spring-cloud-starter-loadbalancer-4.1.0.jar;C:\Users\Ahmed\.m2\repository\org\springframework\cloud\spring-cloud-loadbalancer\4.1.0\spring-cloud-loadbalancer-4.1.0.jar;C:\Users\Ahmed\.m2\repository\io\projectreactor\reactor-core\3.4.6\reactor-core-3.4.6.jar;C:\Users\Ahmed\.m2\repository\org\reactivestreams\reactive-streams\1.0.3\reactive-streams-1.0.3.jar;C:\Users\Ahmed\.m2\repository\io\projectreactor\addons\reactor-extra\3.4.3\reactor-extra-3.4.3.jar;C:\Users\Ahmed\.m2\repository\org\springframework\boot\spring-boot-starter-cache\2.5.0\spring-boot-starter-cache-2.5.0.jar;C:\Users\Ahmed\.m2\repository\org\springframework\spring-context-support\5.3.7\spring-context-support-5.3.7.jar;C:\Users\Ahmed\.m2\repository\com\stoyanr\evictor\1.0.0\evictor-1.0.0.jar;C:\Users\Ahmed\.m2\repository\com\google\zxing\javase\3.3.2\javase-3.3.2.jar;C:\Users\Ahmed\.m2\repository\com\beust\jcommander\1.72\jcommander-1.72.jar;C:\Users\Ahmed\.m2\repository\com\github\jai-imageio\jai-imageio-core\1.3.1\jai-imageio-core-1.3.1.jar;C:\Users\Ahmed\.m2\repository\org\springdoc\springdoc-openapi-ui\1.5.8\springdoc-openapi-ui-1.5.8.jar;C:\Users\Ahmed\.m2\repository\org\springdoc\springdoc-openapi-webmvc-core\1.5.8\springdoc-openapi-webmvc-core-1.5.8.jar;C:\Users\Ahmed\.m2\repository\org\springdoc\springdoc-openapi-common\1.5.8\springdoc-openapi-common-1.5.8.jar;C:\Users\Ahmed\.m2\repository\io\swagger\core\v3\swagger-models\2.1.9\swagger-models-2.1.9.jar;C:\Users\Ahmed\.m2\repository\io\swagger\core\v3\swagger-annotations\2.1.9\swagger-annotations-2.1.9.jar;C:\Users\Ahmed\.m2\repository\io\swagger\core\v3\swagger-integration\2.1.9\swagger-integration-2.1.9.jar;C:\Users\Ahmed\.m2\repository\io\swagger\core\v3\swagger-core\2.1.9\swagger-core-2.1.9.jar;C:\Users\Ahmed\.m2\repository\com\fasterxml\jackson\dataformat\jackson-dataformat-yaml\2.12.3\jackson-dataformat-yaml-2.12.3.jar;C:\Users\Ahmed\.m2\repository\io\github\classgraph\classgraph\4.8.69\classgraph-4.8.69.jar;C:\Users\Ahmed\.m2\repository\org\apache\commons\commons-lang3\3.12.0\commons-lang3-3.12.0.jar;C:\Users\Ahmed\.m2\repository\org\webjars\swagger-ui\3.47.1\swagger-ui-3.47.1.jar;C:\Users\Ahmed\.m2\repository\org\webjars\webjars-locator-core\0.46\webjars-locator-core-0.46.jar;C:\Users\Ahmed\.m2\repository\org\slf4j\slf4j-api\1.7.30\slf4j-api-1.7.30.jar;C:\Users\Ahmed\.m2\repository\com\fasterxml\jackson\core\jackson-core\2.12.3\jackson-core-2.12.3.jar;C:\Users\Ahmed\.m2\repository\org\springframework\boot\spring-boot-devtools\2.5.0\spring-boot-devtools-2.5.0.jar;C:\Users\Ahmed\.m2\repository\org\springframework\boot\spring-boot\2.5.0\spring-boot-2.5.0.jar;C:\Users\Ahmed\.m2\repository\org\springframework\boot\spring-boot-autoconfigure\2.5.0\spring-boot-autoconfigure-2.5.0.jar;C:\Users\Ahmed\.m2\repository\org\projectlombok\lombok\1.18.20\lombok-1.18.20.jar;C:\Users\Ahmed\.m2\repository\org\springframework\boot\spring-boot-starter-test\2.5.0\spring-boot-starter-test-2.5.0.jar;C:\Users\Ahmed\.m2\repository\org\springframework\boot\spring-boot-test\2.5.0\spring-boot-test-2.5.0.jar;C:\Users\Ahmed\.m2\repository\org\springframework\boot\spring-boot-test-autoconfigure\2.5.0\spring-boot-test-autoconfigure-2.5.0.jar;C:\Users\Ahmed\.m2\repository\com\jayway\jsonpath\json-path\2.5.0\json-path-2.5.0.jar;C:\Users\Ahmed\.m2\repository\net\minidev\json-smart\2.4.7\json-smart-2.4.7.jar;C:\Users\Ahmed\.m2\repository\net\minidev\accessors-smart\2.4.7\accessors-smart-2.4.7.jar;C:\Users\Ahmed\.m2\repository\org\ow2\asm\asm\9.1\asm-9.1.jar;C:\Users\Ahmed\.m2\repository\jakarta\xml\bind\jakarta.xml.bind-api\2.3.3\jakarta.xml.bind-api-2.3.3.jar;C:\Users\Ahmed\.m2\repository\jakarta\activation\jakarta.activation-api\1.2.2\jakarta.activation-api-1.2.2.jar;C:\Users\Ahmed\.m2\repository\org\assertj\assertj-core\3.19.0\assertj-core-3.19.0.jar;C:\Users\Ahmed\.m2\repository\org\hamcrest\hamcrest\2.2\hamcrest-2.2.jar;C:\Users\Ahmed\.m2\repository\org\junit\jupiter\junit-jupiter\5.7.2\junit-jupiter-5.7.2.jar;C:\Users\Ahmed\.m2\repository\org\junit\jupiter\junit-jupiter-api\5.7.2\junit-jupiter-api-5.7.2.jar;C:\Users\Ahmed\.m2\repository\org\apiguardian\apiguardian-api\1.1.0\apiguardian-api-1.1.0.jar;C:\Users\Ahmed\.m2\repository\org\opentest4j\opentest4j\1.2.0\opentest4j-1.2.0.jar;C:\Users\Ahmed\.m2\repository\org\junit\platform\junit-platform-commons\1.7.2\junit-platform-commons-1.7.2.jar;C:\Users\Ahmed\.m2\repository\org\junit\jupiter\junit-jupiter-params\5.7.2\junit-jupiter-params-5.7.2.jar;C:\Users\Ahmed\.m2\repository\org\junit\jupiter\junit-jupiter-engine\5.7.2\junit-jupiter-engine-5.7.2.jar;C:\Users\Ahmed\.m2\repository\org\junit\platform\junit-platform-engine\1.7.2\junit-platform-engine-1.7.2.jar;C:\Users\Ahmed\.m2\repository\org\mockito\mockito-core\3.9.0\mockito-core-3.9.0.jar;C:\Users\Ahmed\.m2\repository\net\bytebuddy\byte-buddy\1.10.22\byte-buddy-1.10.22.jar;C:\Users\Ahmed\.m2\repository\net\bytebuddy\byte-buddy-agent\1.10.22\byte-buddy-agent-1.10.22.jar;C:\Users\Ahmed\.m2\repository\org\objenesis\objenesis\3.2\objenesis-3.2.jar;C:\Users\Ahmed\.m2\repository\org\mockito\mockito-junit-jupiter\3.9.0\mockito-junit-jupiter-3.9.0.jar;C:\Users\Ahmed\.m2\repository\org\skyscreamer\jsonassert\1.5.0\jsonassert-1.5.0.jar;C:\Users\Ahmed\.m2\repository\com\vaadin\external\google\android-json\0.0.20131108.vaadin1\android-json-0.0.20131108.vaadin1.jar;C:\Users\Ahmed\.m2\repository\org\springframework\spring-core\5.3.7\spring-core-5.3.7.jar;C:\Users\Ahmed\.m2\repository\org\springframework\spring-jcl\5.3.7\spring-jcl-5.3.7.jar;C:\Users\Ahmed\.m2\repository\org\springframework\spring-test\5.3.7\spring-test-5.3.7.jar;C:\Users\Ahmed\.m2\repository\org\xmlunit\xmlunit-core\2.8.2\xmlunit-core-2.8.2.jar;C:\Users\Ahmed\.m2\repository\org\springframework\boot\spring-boot-configuration-processor\2.5.0\spring-boot-configuration-processor-2.5.0.jar;"/>
    <property name="java.vm.vendor" value="Amazon.com Inc."/>
    <property name="sun.arch.data.model" value="64"/>
    <property name="user.variant" value=""/>
    <property name="java.vendor.url" value="https://aws.amazon.com/corretto/"/>
    <property name="user.timezone" value="Africa/Casablanca"/>
    <property name="os.name" value="Windows 11"/>
    <property name="java.vm.specification.version" value="19"/>
    <property name="sun.java.launcher" value="SUN_STANDARD"/>
    <property name="user.country" value="US"/>
    <property name="sun.boot.library.path" value="C:\Users\Ahmed\.jdks\corretto-19.0.2\bin"/>
    <property name="sun.java.command" value="C:\Users\Ahmed\AppData\Local\Temp\surefire14452360099524730587\surefirebooter13944866209425388653.jar C:\Users\Ahmed\AppData\Local\Temp\surefire14452360099524730587 2024-01-20T23-07-05_281-jvmRun1 surefire3869798126526715324tmp surefire_04072504562237911437tmp"/>
    <property name="jdk.debug" value="release"/>
    <property name="surefire.test.class.path" value="C:\Users\Ahmed\Downloads\ms-consul\spring-boot-qr-code-generator-reader-api-main\target\test-classes;C:\Users\Ahmed\Downloads\ms-consul\spring-boot-qr-code-generator-reader-api-main\target\classes;C:\Users\Ahmed\.m2\repository\org\springframework\boot\spring-boot-starter-web\2.5.0\spring-boot-starter-web-2.5.0.jar;C:\Users\Ahmed\.m2\repository\org\springframework\boot\spring-boot-starter\2.5.0\spring-boot-starter-2.5.0.jar;C:\Users\Ahmed\.m2\repository\org\springframework\boot\spring-boot-starter-logging\2.5.0\spring-boot-starter-logging-2.5.0.jar;C:\Users\Ahmed\.m2\repository\ch\qos\logback\logback-classic\1.2.3\logback-classic-1.2.3.jar;C:\Users\Ahmed\.m2\repository\ch\qos\logback\logback-core\1.2.3\logback-core-1.2.3.jar;C:\Users\Ahmed\.m2\repository\org\apache\logging\log4j\log4j-to-slf4j\2.14.1\log4j-to-slf4j-2.14.1.jar;C:\Users\Ahmed\.m2\repository\org\apache\logging\log4j\log4j-api\2.14.1\log4j-api-2.14.1.jar;C:\Users\Ahmed\.m2\repository\org\slf4j\jul-to-slf4j\1.7.30\jul-to-slf4j-1.7.30.jar;C:\Users\Ahmed\.m2\repository\jakarta\annotation\jakarta.annotation-api\1.3.5\jakarta.annotation-api-1.3.5.jar;C:\Users\Ahmed\.m2\repository\org\yaml\snakeyaml\1.28\snakeyaml-1.28.jar;C:\Users\Ahmed\.m2\repository\org\springframework\boot\spring-boot-starter-json\2.5.0\spring-boot-starter-json-2.5.0.jar;C:\Users\Ahmed\.m2\repository\com\fasterxml\jackson\core\jackson-databind\2.12.3\jackson-databind-2.12.3.jar;C:\Users\Ahmed\.m2\repository\com\fasterxml\jackson\core\jackson-annotations\2.12.3\jackson-annotations-2.12.3.jar;C:\Users\Ahmed\.m2\repository\com\fasterxml\jackson\datatype\jackson-datatype-jdk8\2.12.3\jackson-datatype-jdk8-2.12.3.jar;C:\Users\Ahmed\.m2\repository\com\fasterxml\jackson\datatype\jackson-datatype-jsr310\2.12.3\jackson-datatype-jsr310-2.12.3.jar;C:\Users\Ahmed\.m2\repository\com\fasterxml\jackson\module\jackson-module-parameter-names\2.12.3\jackson-module-parameter-names-2.12.3.jar;C:\Users\Ahmed\.m2\repository\org\springframework\boot\spring-boot-starter-tomcat\2.5.0\spring-boot-starter-tomcat-2.5.0.jar;C:\Users\Ahmed\.m2\repository\org\apache\tomcat\embed\tomcat-embed-core\9.0.46\tomcat-embed-core-9.0.46.jar;C:\Users\Ahmed\.m2\repository\org\apache\tomcat\embed\tomcat-embed-websocket\9.0.46\tomcat-embed-websocket-9.0.46.jar;C:\Users\Ahmed\.m2\repository\org\springframework\spring-web\5.3.7\spring-web-5.3.7.jar;C:\Users\Ahmed\.m2\repository\org\springframework\spring-beans\5.3.7\spring-beans-5.3.7.jar;C:\Users\Ahmed\.m2\repository\org\springframework\spring-webmvc\5.3.7\spring-webmvc-5.3.7.jar;C:\Users\Ahmed\.m2\repository\org\springframework\spring-aop\5.3.7\spring-aop-5.3.7.jar;C:\Users\Ahmed\.m2\repository\org\springframework\spring-context\5.3.7\spring-context-5.3.7.jar;C:\Users\Ahmed\.m2\repository\org\springframework\spring-expression\5.3.7\spring-expression-5.3.7.jar;C:\Users\Ahmed\.m2\repository\org\springframework\boot\spring-boot-starter-validation\2.5.0\spring-boot-starter-validation-2.5.0.jar;C:\Users\Ahmed\.m2\repository\org\apache\tomcat\embed\tomcat-embed-el\9.0.46\tomcat-embed-el-9.0.46.jar;C:\Users\Ahmed\.m2\repository\org\hibernate\validator\hibernate-validator\6.2.0.Final\hibernate-validator-6.2.0.Final.jar;C:\Users\Ahmed\.m2\repository\jakarta\validation\jakarta.validation-api\2.0.2\jakarta.validation-api-2.0.2.jar;C:\Users\Ahmed\.m2\repository\org\jboss\logging\jboss-logging\3.4.1.Final\jboss-logging-3.4.1.Final.jar;C:\Users\Ahmed\.m2\repository\com\fasterxml\classmate\1.5.1\classmate-1.5.1.jar;C:\Users\Ahmed\.m2\repository\org\json\json\20210307\json-20210307.jar;C:\Users\Ahmed\.m2\repository\com\google\zxing\core\3.3.2\core-3.3.2.jar;C:\Users\Ahmed\.m2\repository\org\springframework\cloud\spring-cloud-starter-consul-discovery\4.1.0\spring-cloud-starter-consul-discovery-4.1.0.jar;C:\Users\Ahmed\.m2\repository\org\springframework\cloud\spring-cloud-starter-consul\4.1.0\spring-cloud-starter-consul-4.1.0.jar;C:\Users\Ahmed\.m2\repository\org\springframework\cloud\spring-cloud-starter\4.1.0\spring-cloud-starter-4.1.0.jar;C:\Users\Ahmed\.m2\repository\org\springframework\cloud\spring-cloud-context\4.1.0\spring-cloud-context-4.1.0.jar;C:\Users\Ahmed\.m2\repository\org\springframework\security\spring-security-crypto\5.5.0\spring-security-crypto-5.5.0.jar;C:\Users\Ahmed\.m2\repository\org\springframework\cloud\spring-cloud-commons\4.1.0\spring-cloud-commons-4.1.0.jar;C:\Users\Ahmed\.m2\repository\org\springframework\security\spring-security-rsa\1.1.1\spring-security-rsa-1.1.1.jar;C:\Users\Ahmed\.m2\repository\org\bouncycastle\bcprov-jdk18on\1.74\bcprov-jdk18on-1.74.jar;C:\Users\Ahmed\.m2\repository\org\springframework\cloud\spring-cloud-consul-core\4.1.0\spring-cloud-consul-core-4.1.0.jar;C:\Users\Ahmed\.m2\repository\com\ecwid\consul\consul-api\1.4.5\consul-api-1.4.5.jar;C:\Users\Ahmed\.m2\repository\com\google\code\gson\gson\2.8.6\gson-2.8.6.jar;C:\Users\Ahmed\.m2\repository\org\apache\httpcomponents\httpclient\4.5.13\httpclient-4.5.13.jar;C:\Users\Ahmed\.m2\repository\commons-codec\commons-codec\1.15\commons-codec-1.15.jar;C:\Users\Ahmed\.m2\repository\org\apache\httpcomponents\httpcore\4.4.14\httpcore-4.4.14.jar;C:\Users\Ahmed\.m2\repository\org\springframework\cloud\spring-cloud-consul-discovery\4.1.0\spring-cloud-consul-discovery-4.1.0.jar;C:\Users\Ahmed\.m2\repository\org\springframework\cloud\spring-cloud-starter-loadbalancer\4.1.0\spring-cloud-starter-loadbalancer-4.1.0.jar;C:\Users\Ahmed\.m2\repository\org\springframework\cloud\spring-cloud-loadbalancer\4.1.0\spring-cloud-loadbalancer-4.1.0.jar;C:\Users\Ahmed\.m2\repository\io\projectreactor\reactor-core\3.4.6\reactor-core-3.4.6.jar;C:\Users\Ahmed\.m2\repository\org\reactivestreams\reactive-streams\1.0.3\reactive-streams-1.0.3.jar;C:\Users\Ahmed\.m2\repository\io\projectreactor\addons\reactor-extra\3.4.3\reactor-extra-3.4.3.jar;C:\Users\Ahmed\.m2\repository\org\springframework\boot\spring-boot-starter-cache\2.5.0\spring-boot-starter-cache-2.5.0.jar;C:\Users\Ahmed\.m2\repository\org\springframework\spring-context-support\5.3.7\spring-context-support-5.3.7.jar;C:\Users\Ahmed\.m2\repository\com\stoyanr\evictor\1.0.0\evictor-1.0.0.jar;C:\Users\Ahmed\.m2\repository\com\google\zxing\javase\3.3.2\javase-3.3.2.jar;C:\Users\Ahmed\.m2\repository\com\beust\jcommander\1.72\jcommander-1.72.jar;C:\Users\Ahmed\.m2\repository\com\github\jai-imageio\jai-imageio-core\1.3.1\jai-imageio-core-1.3.1.jar;C:\Users\Ahmed\.m2\repository\org\springdoc\springdoc-openapi-ui\1.5.8\springdoc-openapi-ui-1.5.8.jar;C:\Users\Ahmed\.m2\repository\org\springdoc\springdoc-openapi-webmvc-core\1.5.8\springdoc-openapi-webmvc-core-1.5.8.jar;C:\Users\Ahmed\.m2\repository\org\springdoc\springdoc-openapi-common\1.5.8\springdoc-openapi-common-1.5.8.jar;C:\Users\Ahmed\.m2\repository\io\swagger\core\v3\swagger-models\2.1.9\swagger-models-2.1.9.jar;C:\Users\Ahmed\.m2\repository\io\swagger\core\v3\swagger-annotations\2.1.9\swagger-annotations-2.1.9.jar;C:\Users\Ahmed\.m2\repository\io\swagger\core\v3\swagger-integration\2.1.9\swagger-integration-2.1.9.jar;C:\Users\Ahmed\.m2\repository\io\swagger\core\v3\swagger-core\2.1.9\swagger-core-2.1.9.jar;C:\Users\Ahmed\.m2\repository\com\fasterxml\jackson\dataformat\jackson-dataformat-yaml\2.12.3\jackson-dataformat-yaml-2.12.3.jar;C:\Users\Ahmed\.m2\repository\io\github\classgraph\classgraph\4.8.69\classgraph-4.8.69.jar;C:\Users\Ahmed\.m2\repository\org\apache\commons\commons-lang3\3.12.0\commons-lang3-3.12.0.jar;C:\Users\Ahmed\.m2\repository\org\webjars\swagger-ui\3.47.1\swagger-ui-3.47.1.jar;C:\Users\Ahmed\.m2\repository\org\webjars\webjars-locator-core\0.46\webjars-locator-core-0.46.jar;C:\Users\Ahmed\.m2\repository\org\slf4j\slf4j-api\1.7.30\slf4j-api-1.7.30.jar;C:\Users\Ahmed\.m2\repository\com\fasterxml\jackson\core\jackson-core\2.12.3\jackson-core-2.12.3.jar;C:\Users\Ahmed\.m2\repository\org\springframework\boot\spring-boot-devtools\2.5.0\spring-boot-devtools-2.5.0.jar;C:\Users\Ahmed\.m2\repository\org\springframework\boot\spring-boot\2.5.0\spring-boot-2.5.0.jar;C:\Users\Ahmed\.m2\repository\org\springframework\boot\spring-boot-autoconfigure\2.5.0\spring-boot-autoconfigure-2.5.0.jar;C:\Users\Ahmed\.m2\repository\org\projectlombok\lombok\1.18.20\lombok-1.18.20.jar;C:\Users\Ahmed\.m2\repository\org\springframework\boot\spring-boot-starter-test\2.5.0\spring-boot-starter-test-2.5.0.jar;C:\Users\Ahmed\.m2\repository\org\springframework\boot\spring-boot-test\2.5.0\spring-boot-test-2.5.0.jar;C:\Users\Ahmed\.m2\repository\org\springframework\boot\spring-boot-test-autoconfigure\2.5.0\spring-boot-test-autoconfigure-2.5.0.jar;C:\Users\Ahmed\.m2\repository\com\jayway\jsonpath\json-path\2.5.0\json-path-2.5.0.jar;C:\Users\Ahmed\.m2\repository\net\minidev\json-smart\2.4.7\json-smart-2.4.7.jar;C:\Users\Ahmed\.m2\repository\net\minidev\accessors-smart\2.4.7\accessors-smart-2.4.7.jar;C:\Users\Ahmed\.m2\repository\org\ow2\asm\asm\9.1\asm-9.1.jar;C:\Users\Ahmed\.m2\repository\jakarta\xml\bind\jakarta.xml.bind-api\2.3.3\jakarta.xml.bind-api-2.3.3.jar;C:\Users\Ahmed\.m2\repository\jakarta\activation\jakarta.activation-api\1.2.2\jakarta.activation-api-1.2.2.jar;C:\Users\Ahmed\.m2\repository\org\assertj\assertj-core\3.19.0\assertj-core-3.19.0.jar;C:\Users\Ahmed\.m2\repository\org\hamcrest\hamcrest\2.2\hamcrest-2.2.jar;C:\Users\Ahmed\.m2\repository\org\junit\jupiter\junit-jupiter\5.7.2\junit-jupiter-5.7.2.jar;C:\Users\Ahmed\.m2\repository\org\junit\jupiter\junit-jupiter-api\5.7.2\junit-jupiter-api-5.7.2.jar;C:\Users\Ahmed\.m2\repository\org\apiguardian\apiguardian-api\1.1.0\apiguardian-api-1.1.0.jar;C:\Users\Ahmed\.m2\repository\org\opentest4j\opentest4j\1.2.0\opentest4j-1.2.0.jar;C:\Users\Ahmed\.m2\repository\org\junit\platform\junit-platform-commons\1.7.2\junit-platform-commons-1.7.2.jar;C:\Users\Ahmed\.m2\repository\org\junit\jupiter\junit-jupiter-params\5.7.2\junit-jupiter-params-5.7.2.jar;C:\Users\Ahmed\.m2\repository\org\junit\jupiter\junit-jupiter-engine\5.7.2\junit-jupiter-engine-5.7.2.jar;C:\Users\Ahmed\.m2\repository\org\junit\platform\junit-platform-engine\1.7.2\junit-platform-engine-1.7.2.jar;C:\Users\Ahmed\.m2\repository\org\mockito\mockito-core\3.9.0\mockito-core-3.9.0.jar;C:\Users\Ahmed\.m2\repository\net\bytebuddy\byte-buddy\1.10.22\byte-buddy-1.10.22.jar;C:\Users\Ahmed\.m2\repository\net\bytebuddy\byte-buddy-agent\1.10.22\byte-buddy-agent-1.10.22.jar;C:\Users\Ahmed\.m2\repository\org\objenesis\objenesis\3.2\objenesis-3.2.jar;C:\Users\Ahmed\.m2\repository\org\mockito\mockito-junit-jupiter\3.9.0\mockito-junit-jupiter-3.9.0.jar;C:\Users\Ahmed\.m2\repository\org\skyscreamer\jsonassert\1.5.0\jsonassert-1.5.0.jar;C:\Users\Ahmed\.m2\repository\com\vaadin\external\google\android-json\0.0.20131108.vaadin1\android-json-0.0.20131108.vaadin1.jar;C:\Users\Ahmed\.m2\repository\org\springframework\spring-core\5.3.7\spring-core-5.3.7.jar;C:\Users\Ahmed\.m2\repository\org\springframework\spring-jcl\5.3.7\spring-jcl-5.3.7.jar;C:\Users\Ahmed\.m2\repository\org\springframework\spring-test\5.3.7\spring-test-5.3.7.jar;C:\Users\Ahmed\.m2\repository\org\xmlunit\xmlunit-core\2.8.2\xmlunit-core-2.8.2.jar;C:\Users\Ahmed\.m2\repository\org\springframework\boot\spring-boot-configuration-processor\2.5.0\spring-boot-configuration-processor-2.5.0.jar;"/>
    <property name="sun.cpu.endian" value="little"/>
    <property name="user.home" value="C:\Users\Ahmed"/>
    <property name="user.language" value="en"/>
    <property name="java.specification.vendor" value="Oracle Corporation"/>
    <property name="java.version.date" value="2023-01-17"/>
    <property name="java.home" value="C:\Users\Ahmed\.jdks\corretto-19.0.2"/>
    <property name="file.separator" value="\"/>
    <property name="basedir" value="C:\Users\Ahmed\Downloads\ms-consul\spring-boot-qr-code-generator-reader-api-main"/>
    <property name="java.vm.compressedOopsMode" value="Zero based"/>
    <property name="line.separator" value="&#10;"/>
    <property name="java.vm.specification.vendor" value="Oracle Corporation"/>
    <property name="java.specification.name" value="Java Platform API Specification"/>
    <property name="surefire.real.class.path" value="C:\Users\Ahmed\AppData\Local\Temp\surefire14452360099524730587\surefirebooter13944866209425388653.jar"/>
    <property name="user.script" value=""/>
    <property name="sun.management.compiler" value="HotSpot 64-Bit Tiered Compilers"/>
    <property name="java.runtime.version" value="19.0.2+7-FR"/>
    <property name="user.name" value="Ahmed"/>
    <property name="stdout.encoding" value="Cp1252"/>
    <property name="path.separator" value=";"/>
    <property name="os.version" value="10.0"/>
    <property name="java.runtime.name" value="OpenJDK Runtime Environment"/>
    <property name="file.encoding" value="UTF-8"/>
    <property name="java.vm.name" value="OpenJDK 64-Bit Server VM"/>
    <property name="java.vendor.version" value="Corretto-19.0.2.7.1"/>
    <property name="localRepository" value="C:\Users\Ahmed\.m2\repository"/>
    <property name="java.vendor.url.bug" value="https://github.com/corretto/corretto-19/issues/"/>
    <property name="java.io.tmpdir" value="C:\Users\Ahmed\AppData\Local\Temp\"/>
    <property name="idea.version" value="2023.3.1"/>
    <property name="java.version" value="19.0.2"/>
    <property name="user.dir" value="C:\Users\Ahmed\Downloads\ms-consul\spring-boot-qr-code-generator-reader-api-main"/>
    <property name="os.arch" value="amd64"/>
    <property name="java.vm.specification.name" value="Java Virtual Machine Specification"/>
    <property name="sun.os.patch.level" value=""/>
    <property name="native.encoding" value="Cp1252"/>
    <property name="java.library.path" value="C:\Users\Ahmed\.jdks\corretto-19.0.2\bin;C:\Windows\Sun\Java\bin;C:\Windows\system32;C:\Windows;D:\app\Ahmed\product\dbhomeXE\bin;C:\Users\Ahmed\Documents\sonar-scanner-cli-5.0.1.3006-windows\sonar-scanner-5.0.1.3006-windows\bin;C:\Program Files\Common Files\Oracle\Java\javapath;C:\Windows\system32;C:\Windows;C:\Windows\System32\Wbem;C:\Windows\System32\WindowsPowerShell\v1.0\;C:\Windows\System32\OpenSSH\;C:\Program Files\dotnet\;C:\Program Files\nodejs\;C:\Program Files (x86)\Windows Kits\10\Windows Performance Toolkit\;C:\Users\Ahmed\flutter\bin;C:\Program Files\Git\cmd;C:\Users\Ahmed\Documents\sonar-scanner-cli-5.0.1.3006-windows\sonar-scanner-5.0.1.3006-windows\bin;C:\Program Files\Docker\Docker\resources\bin;C:\Program Files\apache-maven-3.9.6\bin;C:\Users\Ahmed\AppData\Roaming\npm;C:\Users\Ahmed\AppData\Local\Pub\Cache\bin;C:\Users\Ahmed\AppData\Local\Microsoft\WindowsApps;C:\Users\Ahmed\AppData\Roaming\npm;C:\Program Files\JetBrains\IntelliJ IDEA 2023.3.1\bin;;C:\Program Files\JetBrains\WebStorm 2023.3.1\bin;;C:\Users\Ahmed\AppData\Local\Programs\Microsoft VS Code\bin;C:\Users\Ahmed\.dotnet\tools;C:\Users\Ahmed\AppData\Local\GitHubDesktop\bin;C:\Users\Ahmed\AppData\Local\Pub\Cache\bin;C:\Users\Ahmed\AppData\Local\Microsoft\WinGet\Links;;."/>
    <property name="java.vm.info" value="mixed mode, sharing"/>
    <property name="stderr.encoding" value="Cp1252"/>
    <property name="java.vendor" value="Amazon.com Inc."/>
    <property name="java.vm.version" value="19.0.2+7-FR"/>
    <property name="sun.io.unicode.encoding" value="UnicodeLittle"/>
    <property name="java.class.version" value="63.0"/>
  </properties>
  <testcase name="contextLoads" classname="com.hardik.iris.SpringBootQrCodeGeneratorReaderApplicationTests" time="0.546"/>
</testsuite>